RDPDFReader/build/outputs/logs/manifest-merger-debug-report.txt
-- Merging decision tree log ---
manifest
ADDED from src/main/AndroidManifest.xml:2:1-87:12
INJECTED from src/main/AndroidManifest.xml:2:1-87:12
INJECTED from src/main/AndroidManifest.xml:2:1-87:12
INJECTED from src/main/AndroidManifest.xml:2:1-87:12
MERGED from [:ViewLib] AndroidManifest.xml:2:1-12:12
MERGED from [com.android.support:multidex:1.0.2] AndroidManifest.xml:17:1-22:12
MERGED from [com.github.gcacace:signature-pad:1.2.1] AndroidManifest.xml:2:1-13:12
MERGED from [com.android.databinding:adapters:1.2.1] AndroidManifest.xml:17:1-26:12
MERGED from [com.android.databinding:library:1.2.1] AndroidManifest.xml:17:1-26:12
MERGED from [com.android.support:support-v4:27.1.1] AndroidManifest.xml:17:1-22:12
MERGED from [com.android.support:support-media-compat:27.1.1] AndroidManifest.xml:17:1-22:12
MERGED from [com.android.support:support-fragment:27.1.1] AndroidManifest.xml:17:1-22:12
MERGED from [com.android.support:support-core-ui:27.1.1] AndroidManifest.xml:17:1-22:12
MERGED from [com.android.support:support-core-utils:27.1.1] AndroidManifest.xml:17:1-22:12
MERGED from [com.android.support:support-compat:27.1.1] AndroidManifest.xml:17:1-22:12
MERGED from [android.arch.lifecycle:runtime:1.1.0] AndroidManifest.xml:17:1-22:12
MERGED from [android.arch.lifecycle:livedata-core:1.1.0] AndroidManifest.xml:17:1-22:12
MERGED from [android.arch.lifecycle:viewmodel:1.1.0] AndroidManifest.xml:17:1-22:12
MERGED from [android.arch.core:runtime:1.1.0] AndroidManifest.xml:17:1-22:12
INJECTED from src/main/AndroidManifest.xml:2:1-87:12
INJECTED from src/main/AndroidManifest.xml:2:1-87:12
INJECTED from src/main/AndroidManifest.xml:2:1-87:12
	package
		ADDED from src/main/AndroidManifest.xml:3:5-32
		INJECTED from src/main/AndroidManifest.xml
		INJECTED from src/main/AndroidManifest.xml
	android:versionName
		ADDED from src/main/AndroidManifest.xml:5:5-30
		INJECTED from src/main/AndroidManifest.xml
		INJECTED from src/main/AndroidManifest.xml
	xmlns:android
		ADDED from src/main/AndroidManifest.xml:2:11-69
	android:versionCode
		ADDED from src/main/AndroidManifest.xml:4:5-28
		INJECTED from src/main/AndroidManifest.xml
		INJECTED from src/main/AndroidManifest.xml
uses-permission#android.permission.READ_EXTERNAL_STORAGE
ADDED from src/main/AndroidManifest.xml:7:5-79
	android:name
		ADDED from src/main/AndroidManifest.xml:7:22-77
uses-permission#android.permission.WRITE_EXTERNAL_STORAGE
ADDED from src/main/AndroidManifest.xml:8:5-80
	android:name
		ADDED from src/main/AndroidManifest.xml:8:22-78
uses-permission#android.permission.INTERNET
ADDED from src/main/AndroidManifest.xml:9:5-66
	android:name
		ADDED from src/main/AndroidManifest.xml:9:22-64
supports-screens
ADDED from src/main/AndroidManifest.xml:10:5-190
	android:largeScreens
		ADDED from src/main/AndroidManifest.xml:10:23-50
	android:smallScreens
		ADDED from src/main/AndroidManifest.xml:10:106-133
	android:normalScreens
		ADDED from src/main/AndroidManifest.xml:10:77-105
	android:xlargeScreens
		ADDED from src/main/AndroidManifest.xml:10:160-188
	android:resizeable
		ADDED from src/main/AndroidManifest.xml:10:134-159
	android:anyDensity
		ADDED from src/main/AndroidManifest.xml:10:51-76
application
ADDED from src/main/AndroidManifest.xml:12:5-85:19
MERGED from [:ViewLib] AndroidManifest.xml:9:5-10:19
MERGED from [:ViewLib] AndroidManifest.xml:9:5-10:19
MERGED from [com.github.gcacace:signature-pad:1.2.1] AndroidManifest.xml:11:5-20
MERGED from [com.github.gcacace:signature-pad:1.2.1] AndroidManifest.xml:11:5-20
	android:label
		ADDED from src/main/AndroidManifest.xml:15:9-41
	android:icon
		ADDED from src/main/AndroidManifest.xml:14:9-45
	android:allowBackup
		ADDED from src/main/AndroidManifest.xml:13:9-35
	android:theme
		ADDED from src/main/AndroidManifest.xml:16:9-44
activity#com.radaee.reader.MainActivity
ADDED from src/main/AndroidManifest.xml:17:9-25:20
	android:label
		ADDED from src/main/AndroidManifest.xml:20:13-45
	android:configChanges
		ADDED from src/main/AndroidManifest.xml:19:13-74
	android:name
		ADDED from src/main/AndroidManifest.xml:18:13-58
intent-filter#action:name:android.intent.action.MAIN+category:name:android.intent.category.LAUNCHER
ADDED from src/main/AndroidManifest.xml:21:13-24:29
action#android.intent.action.MAIN
ADDED from src/main/AndroidManifest.xml:22:17-69
	android:name
		ADDED from src/main/AndroidManifest.xml:22:25-66
category#android.intent.category.LAUNCHER
ADDED from src/main/AndroidManifest.xml:23:17-77
	android:name
		ADDED from src/main/AndroidManifest.xml:23:27-74
activity#com.radaee.reader.PDFPagerAct
ADDED from src/main/AndroidManifest.xml:26:9-30:20
	android:label
		ADDED from src/main/AndroidManifest.xml:29:13-45
	android:configChanges
		ADDED from src/main/AndroidManifest.xml:28:13-74
	android:name
		ADDED from src/main/AndroidManifest.xml:27:13-57
activity#com.radaee.reader.PDFNavAct
ADDED from src/main/AndroidManifest.xml:31:9-35:20
	android:label
		ADDED from src/main/AndroidManifest.xml:34:13-45
	android:configChanges
		ADDED from src/main/AndroidManifest.xml:33:13-74
	android:name
		ADDED from src/main/AndroidManifest.xml:32:13-55
activity#com.radaee.reader.PDFViewAct
ADDED from src/main/AndroidManifest.xml:36:9-40:20
	android:configChanges
		ADDED from src/main/AndroidManifest.xml:38:13-74
	android:theme
		ADDED from src/main/AndroidManifest.xml:39:13-60
	android:name
		ADDED from src/main/AndroidManifest.xml:37:13-56
activity#com.radaee.reader.PDFGLSimpleAct
ADDED from src/main/AndroidManifest.xml:41:3-45:20
	android:configChanges
		ADDED from src/main/AndroidManifest.xml:43:13-74
	android:theme
		ADDED from src/main/AndroidManifest.xml:44:13-60
	android:name
		ADDED from src/main/AndroidManifest.xml:42:13-60
activity#com.radaee.reader.PDFGLViewAct
ADDED from src/main/AndroidManifest.xml:46:9-50:20
	android:configChanges
		ADDED from src/main/AndroidManifest.xml:48:13-74
	android:theme
		ADDED from src/main/AndroidManifest.xml:49:13-60
	android:name
		ADDED from src/main/AndroidManifest.xml:47:13-58
activity#com.radaee.reader.AdvanceAct
ADDED from src/main/AndroidManifest.xml:51:9-55:20
	android:configChanges
		ADDED from src/main/AndroidManifest.xml:53:13-74
	android:theme
		ADDED from src/main/AndroidManifest.xml:54:13-60
	android:name
		ADDED from src/main/AndroidManifest.xml:52:13-56
activity#com.radaee.reader.PDFTestAct
ADDED from src/main/AndroidManifest.xml:56:9-60:20
	android:configChanges
		ADDED from src/main/AndroidManifest.xml:58:13-74
	android:theme
		ADDED from src/main/AndroidManifest.xml:59:13-60
	android:name
		ADDED from src/main/AndroidManifest.xml:57:13-56
activity#com.radaee.reader.PDFJSTestAct
ADDED from src/main/AndroidManifest.xml:61:9-65:20
	android:configChanges
		ADDED from src/main/AndroidManifest.xml:63:13-74
	android:theme
		ADDED from src/main/AndroidManifest.xml:64:13-60
	android:name
		ADDED from src/main/AndroidManifest.xml:62:13-58
activity#com.radaee.reader.AboutActivity
ADDED from src/main/AndroidManifest.xml:66:9-70:20
	android:configChanges
		ADDED from src/main/AndroidManifest.xml:68:13-74
	android:theme
		ADDED from src/main/AndroidManifest.xml:69:13-60
	android:name
		ADDED from src/main/AndroidManifest.xml:67:13-59
activity#com.radaee.util.PopupEditAct
ADDED from src/main/AndroidManifest.xml:71:9-75:20
	android:configChanges
		ADDED from src/main/AndroidManifest.xml:74:13-74
	android:theme
		ADDED from src/main/AndroidManifest.xml:73:13-61
	android:name
		ADDED from src/main/AndroidManifest.xml:72:13-56
activity#com.radaee.util.CaptureSignature
ADDED from src/main/AndroidManifest.xml:77:9-79:72
	android:theme
		ADDED from src/main/AndroidManifest.xml:79:13-70
	android:name
		ADDED from src/main/AndroidManifest.xml:78:13-60
activity#com.radaee.util.PDFThumbGrid
ADDED from src/main/AndroidManifest.xml:81:9-84:76
	android:configChanges
		ADDED from src/main/AndroidManifest.xml:84:13-74
	android:theme
		ADDED from src/main/AndroidManifest.xml:83:13-60
	android:name
		ADDED from src/main/AndroidManifest.xml:82:13-56
uses-sdk
INJECTED from src/main/AndroidManifest.xml reason: use-sdk injection requested
INJECTED from src/main/AndroidManifest.xml
MERGED from [:ViewLib] AndroidManifest.xml:7:5-44
MERGED from [:ViewLib] AndroidManifest.xml:7:5-44
MERGED from [com.android.support:multidex:1.0.2] AndroidManifest.xml:20:5-43
MERGED from [com.android.support:multidex:1.0.2] AndroidManifest.xml:20:5-43
MERGED from [com.github.gcacace:signature-pad:1.2.1] AndroidManifest.xml:7:5-9:41
MERGED from [com.github.gcacace:signature-pad:1.2.1] AndroidManifest.xml:7:5-9:41
MERGED from [com.android.databinding:adapters:1.2.1] AndroidManifest.xml:22:5-24:41
MERGED from [com.android.databinding:adapters:1.2.1] AndroidManifest.xml:22:5-24:41
MERGED from [com.android.databinding:library:1.2.1] AndroidManifest.xml:22:5-24:41
MERGED from [com.android.databinding:library:1.2.1] AndroidManifest.xml:22:5-24:41
MERGED from [com.android.support:support-v4:27.1.1] AndroidManifest.xml:20:5-44
MERGED from [com.android.support:support-v4:27.1.1] AndroidManifest.xml:20:5-44
MERGED from [com.android.support:support-media-compat:27.1.1] AndroidManifest.xml:20:5-44
MERGED from [com.android.support:support-media-compat:27.1.1] AndroidManifest.xml:20:5-44
MERGED from [com.android.support:support-fragment:27.1.1] AndroidManifest.xml:20:5-44
MERGED from [com.android.support:support-fragment:27.1.1] AndroidManifest.xml:20:5-44
MERGED from [com.android.support:support-core-ui:27.1.1] AndroidManifest.xml:20:5-44
MERGED from [com.android.support:support-core-ui:27.1.1] AndroidManifest.xml:20:5-44
MERGED from [com.android.support:support-core-utils:27.1.1] AndroidManifest.xml:20:5-44
MERGED from [com.android.support:support-core-utils:27.1.1] AndroidManifest.xml:20:5-44
MERGED from [com.android.support:support-compat:27.1.1] AndroidManifest.xml:20:5-44
MERGED from [com.android.support:support-compat:27.1.1] AndroidManifest.xml:20:5-44
MERGED from [android.arch.lifecycle:runtime:1.1.0] AndroidManifest.xml:20:5-44
MERGED from [android.arch.lifecycle:runtime:1.1.0] AndroidManifest.xml:20:5-44
MERGED from [android.arch.lifecycle:livedata-core:1.1.0] AndroidManifest.xml:20:5-44
MERGED from [android.arch.lifecycle:livedata-core:1.1.0] AndroidManifest.xml:20:5-44
MERGED from [android.arch.lifecycle:viewmodel:1.1.0] AndroidManifest.xml:20:5-44
MERGED from [android.arch.lifecycle:viewmodel:1.1.0] AndroidManifest.xml:20:5-44
MERGED from [android.arch.core:runtime:1.1.0] AndroidManifest.xml:20:5-44
MERGED from [android.arch.core:runtime:1.1.0] AndroidManifest.xml:20:5-44
INJECTED from src/main/AndroidManifest.xml
	android:targetSdkVersion
		ADDED from [com.github.gcacace:signature-pad:1.2.1] AndroidManifest.xml:9:9-38
	android:minSdkVersion
		INJECTED from src/main/AndroidManifest.xml
		ADDED from src/main/AndroidManifest.xml
		INJECTED from src/main/AndroidManifest.xml